<?xml version="1.0" encoding="UTF-8"?>
<testsuite xmlns:xsi="http://www.w3.org/2001/XMLSchema-instance" xsi:noNamespaceSchemaLocation="https://maven.apache.org/surefire/maven-surefire-plugin/xsd/surefire-test-report-3.0.xsd" version="3.0" name="org.example.beer.parser.ParserSAXTest" time="0.005" tests="1" errors="0" skipped="0" failures="0">
  <properties>
[...]
</properties>
  <testcase name="testParseSAX" classname="org.example.beer.parser.ParserSAXTest" time="0.002">
    <system-out><![CDATA[2024-11-27 18:52:44 INFO  org.example.beer.parser.ParserSAX - Parsing XML file using SAX parser: beer.xml
2024-11-27 18:52:44 INFO  org.example.beer.parser.ParserSAX - Finished parsing XML file: beer.xml
]]></system-out>
  </testcase>
</testsuite>